<?xml version="1.0" encoding="UTF-8"?>
<testng-results ignored="0" total="1" passed="1" failed="0" skipped="0">
  <reporter-output>
  </reporter-output>
  <suite started-at="2023-01-10T12:19:43 IST" name="Jen.UitTest" finished-at="2023-01-10T12:20:22 IST" duration-ms="38391">
    <groups>
    </groups>
    <test started-at="2023-01-10T12:19:43 IST" name="Command line test" finished-at="2023-01-10T12:20:22 IST" duration-ms="38391">
      <class name="Jen.UitTest">
        <test-method signature="start()[pri:0, instance:Jen.UitTest@564718df]" started-at="2023-01-10T12:19:43 IST" name="start" finished-at="2023-01-10T12:20:22 IST" duration-ms="38310" status="PASS">
          <reporter-output>
          </reporter-output>
        </test-method> <!-- start -->
      </class> <!-- Jen.UitTest -->
    </test> <!-- Command line test -->
  </suite> <!-- Jen.UitTest -->
</testng-results>
