<?xml version="1.0" encoding="UTF-8"?>
<testng-results ignored="0" total="1" passed="1" failed="0" skipped="0">
  <reporter-output>
  </reporter-output>
  <suite started-at="2023-01-10T11:01:50 IST" name="Default suite" finished-at="2023-01-10T11:02:08 IST" duration-ms="18243">
    <groups>
    </groups>
    <test started-at="2023-01-10T11:01:50 IST" name="Default test" finished-at="2023-01-10T11:02:08 IST" duration-ms="18243">
      <class name="Jen.UitTest">
        <test-method signature="start()[pri:0, instance:Jen.UitTest@7690781]" started-at="2023-01-10T11:01:50 IST" name="start" finished-at="2023-01-10T11:02:08 IST" duration-ms="18207" status="PASS">
          <reporter-output>
          </reporter-output>
        </test-method> <!-- start -->
      </class> <!-- Jen.UitTest -->
    </test> <!-- Default test -->
  </suite> <!-- Default suite -->
</testng-results>
